<?xml version="1.0" encoding="UTF-8"?>
<testsuite xmlns:xsi="http://www.w3.org/2001/XMLSchema-instance" xsi:noNamespaceSchemaLocation="https://maven.apache.org/surefire/maven-surefire-plugin/xsd/surefire-test-report-3.0.xsd" version="3.0" name="com.hydrapay.ledger.security.SecurityValidationTest" time="7.773" tests="7" errors="0" skipped="0" failures="0">
  <properties>
[...]
</properties>
  <testcase name="testUnauthorizedWithoutCredentials" classname="com.hydrapay.ledger.security.SecurityValidationTest" time="0.319">
    <system-out><![CDATA[11:33:05.815 [main] INFO org.springframework.test.context.support.AnnotationConfigContextLoaderUtils -- Could not detect default configuration classes for test class [com.hydrapay.ledger.security.SecurityValidationTest]: SecurityValidationTest does not declare any static, non-private, non-final, nested classes annotated with @Configuration.
11:33:06.156 [main] INFO org.springframework.boot.test.context.SpringBootTestContextBootstrapper -- Found @SpringBootConfiguration com.hydrapay.ledger.HydraPayApplication for test class com.hydrapay.ledger.security.SecurityValidationTest

  .   ____          _            __ _ _
 /\\ / ___'_ __ _ _(_)_ __  __ _ \ \ \ \
( ( )\___ | '_ | '_| | '_ \/ _` | \ \ \ \
 \\/  ___)| |_)| | | | | || (_| |  ) ) ) )
  '  |____| .__|_| |_|_| |_\__, | / / / /
 =========|_|==============|___/=/_/_/_/
 :: Spring Boot ::                (v3.2.3)

2026-08-18T11:33:06.876+05:30  INFO 21572 --- [hydrapay-ledger-engine] [           main] c.h.l.security.SecurityValidationTest    : Starting SecurityValidationTest using Java 17.0.19 with PID 21572 (started by arjun in E:\HydraPay\backend)
2026-08-18T11:33:06.876+05:30  INFO 21572 --- [hydrapay-ledger-engine] [           main] c.h.l.security.SecurityValidationTest    : No active profile set, falling back to 1 default profile: "default"
2026-08-18T11:33:11.624+05:30  INFO 21572 --- [hydrapay-ledger-engine] [           main] o.s.s.web.DefaultSecurityFilterChain     : Will secure any request with [org.springframework.security.web.session.DisableEncodeUrlFilter@71262020, org.springframework.security.web.context.request.async.WebAsyncManagerIntegrationFilter@5f3ddc86, org.springframework.security.web.context.SecurityContextHolderFilter@5950054d, org.springframework.security.web.header.HeaderWriterFilter@7b3c0ecb, org.springframework.web.filter.CorsFilter@78e043e4, org.springframework.security.web.authentication.logout.LogoutFilter@3a709cc7, com.hydrapay.ledger.security.CorrelationIdFilter@3513d214, com.hydrapay.ledger.security.RateLimitingFilter@2499b971, org.springframework.security.web.authentication.www.BasicAuthenticationFilter@5310e451, org.springframework.security.web.savedrequest.RequestCacheAwareFilter@4cf230bf, org.springframework.security.web.servletapi.SecurityContextHolderAwareRequestFilter@3dc55719, org.springframework.security.web.authentication.AnonymousAuthenticationFilter@336d28a1, org.springframework.security.web.session.SessionManagementFilter@8debe42, org.springframework.security.web.access.ExceptionTranslationFilter@5341641d, org.springframework.security.web.access.intercept.AuthorizationFilter@714bffd5]
2026-08-18T11:33:12.340+05:30  INFO 21572 --- [hydrapay-ledger-engine] [           main] o.s.b.t.m.w.SpringBootMockServletContext : Initializing Spring TestDispatcherServlet ''
2026-08-18T11:33:12.340+05:30  INFO 21572 --- [hydrapay-ledger-engine] [           main] o.s.t.web.servlet.TestDispatcherServlet  : Initializing Servlet ''
2026-08-18T11:33:12.342+05:30  INFO 21572 --- [hydrapay-ledger-engine] [           main] o.s.t.web.servlet.TestDispatcherServlet  : Completed initialization in 2 ms
2026-08-18T11:33:12.391+05:30  INFO 21572 --- [hydrapay-ledger-engine] [           main] c.h.l.security.SecurityValidationTest    : Started SecurityValidationTest in 6.105 seconds (process running for 8.271)
]]></system-out>
  </testcase>
  <testcase name="testRejectMissingIdempotencyKey" classname="com.hydrapay.ledger.security.SecurityValidationTest" time="0.399">
    <system-out><![CDATA[2026-08-18T11:33:13.082+05:30  WARN 21572 --- [hydrapay-ledger-engine] [           main] c.h.l.exception.GlobalExceptionHandler   : Validation error for request [/api/v1/transfers]: Idempotency key is required
]]></system-out>
  </testcase>
  <testcase name="testRateLimitExceeded" classname="com.hydrapay.ledger.security.SecurityValidationTest" time="0.021"/>
  <testcase name="testCorrelationIdHeaderInjected" classname="com.hydrapay.ledger.security.SecurityValidationTest" time="0.055"/>
  <testcase name="testRejectSameSourceAndDestination" classname="com.hydrapay.ledger.security.SecurityValidationTest" time="0.018">
    <system-out><![CDATA[2026-08-18T11:33:13.216+05:30  WARN 21572 --- [hydrapay-ledger-engine] [           main] c.h.l.exception.GlobalExceptionHandler   : Validation error for request [/api/v1/transfers]: Source and destination accounts must be different
]]></system-out>
  </testcase>
  <testcase name="testRejectNegativeAmount" classname="com.hydrapay.ledger.security.SecurityValidationTest" time="0.02">
    <system-out><![CDATA[2026-08-18T11:33:13.241+05:30  WARN 21572 --- [hydrapay-ledger-engine] [           main] c.h.l.exception.GlobalExceptionHandler   : Validation error for request [/api/v1/transfers]: Transfer amount must be positive
]]></system-out>
  </testcase>
  <testcase name="testForbiddenForReadonlyUserOnReconcile" classname="com.hydrapay.ledger.security.SecurityValidationTest" time="0.015"/>
</testsuite>